0 verbose cli C:\Program Files\nodejs\node.exe C:\Program Files\nodejs\node_modules\npm\bin\npm-cli.js
1 info using npm@11.6.2
2 info using node@v24.12.0
3 silly config load:file:C:\Program Files\nodejs\node_modules\npm\npmrc
4 silly config load:file:C:\Users\Kendagannaswamy\Desktop\MY_Project_KGS\frontend\.npmrc
5 silly config load:file:C:\Users\Kendagannaswamy\.npmrc
6 silly config load:file:C:\Users\Kendagannaswamy\AppData\Roaming\npm\etc\npmrc
7 verbose title npm ci
8 verbose argv "ci" "--dry-run" "--ignore-scripts" "--no-audit" "--no-fund" "--cache" ".\\.npm-cache-check"
9 verbose logfile logs-max:10 dir:C:\Users\Kendagannaswamy\Desktop\MY_Project_KGS\frontend\.npm-cache-check\_logs\2026-06-26T16_49_56_132Z-
10 verbose logfile C:\Users\Kendagannaswamy\Desktop\MY_Project_KGS\frontend\.npm-cache-check\_logs\2026-06-26T16_49_56_132Z-debug-0.log
11 silly logfile done cleaning log files
12 silly packumentCache heap:2348810240 maxSize:587202560 maxEntrySize:293601280
13 silly idealTree buildDeps
14 verbose shrinkwrap failed to load node_modules/.package-lock.json missing from node_modules: node_modules/@emnapi/core
15 silly ADD node_modules/@emnapi/runtime
16 silly ADD node_modules/@emnapi/core
17 verbose cwd C:\Users\Kendagannaswamy\Desktop\MY_Project_KGS\frontend
18 verbose os Windows_NT 10.0.26200
19 verbose node v24.12.0
20 verbose npm  v11.6.2
21 verbose exit 0
22 info ok
