0 verbose cli C:\Program Files\nodejs\node.exe C:\Users\Kendagannaswamy\AppData\Local\npm-cache\_npx\d8f2e63c6145eb9d\node_modules\npm\bin\npm-cli.js
1 info using npm@10.9.8
2 info using node@v24.12.0
3 silly config load:file:C:\Users\Kendagannaswamy\AppData\Local\npm-cache\_npx\d8f2e63c6145eb9d\node_modules\npm\npmrc
4 silly config load:file:C:\Users\Kendagannaswamy\Desktop\MY_Project_KGS\frontend\.npmrc
5 silly config load:file:C:\Users\Kendagannaswamy\.npmrc
6 silly config load:file:C:\Users\Kendagannaswamy\AppData\Roaming\npm\etc\npmrc
7 verbose title npm ci
8 verbose argv "ci" "--dry-run" "--ignore-scripts" "--no-audit" "--no-fund" "--cache" ".\\.npm-cache-check"
9 verbose logfile logs-max:10 dir:C:\Users\Kendagannaswamy\Desktop\MY_Project_KGS\frontend\.npm-cache-check\_logs\2026-06-26T16_50_49_853Z-
10 verbose logfile C:\Users\Kendagannaswamy\Desktop\MY_Project_KGS\frontend\.npm-cache-check\_logs\2026-06-26T16_50_49_853Z-debug-0.log
11 silly logfile done cleaning log files
12 silly packumentCache heap:2348810240 maxSize:587202560 maxEntrySize:293601280
13 silly idealTree buildDeps
14 verbose shrinkwrap failed to load node_modules/.package-lock.json missing from node_modules: node_modules/@emnapi/core
15 silly ADD node_modules/lightningcss-win32-arm64-msvc
16 silly ADD node_modules/lightningcss-linux-x64-musl
17 silly ADD node_modules/lightningcss-linux-x64-gnu
18 silly ADD node_modules/lightningcss-linux-arm64-musl
19 silly ADD node_modules/lightningcss-linux-arm64-gnu
20 silly ADD node_modules/lightningcss-linux-arm-gnueabihf
21 silly ADD node_modules/lightningcss-freebsd-x64
22 silly ADD node_modules/lightningcss-darwin-x64
23 silly ADD node_modules/lightningcss-darwin-arm64
24 silly ADD node_modules/lightningcss-android-arm64
25 silly ADD node_modules/fsevents
26 silly ADD node_modules/@unrs/resolver-binding-win32-ia32-msvc
27 silly ADD node_modules/@unrs/resolver-binding-win32-arm64-msvc
28 silly ADD node_modules/@unrs/resolver-binding-wasm32-wasi
29 silly ADD node_modules/@unrs/resolver-binding-wasm32-wasi/node_modules/@emnapi/wasi-threads
30 silly ADD node_modules/@unrs/resolver-binding-wasm32-wasi/node_modules/@emnapi/runtime
31 silly ADD node_modules/@unrs/resolver-binding-wasm32-wasi/node_modules/@emnapi/core
32 silly ADD node_modules/@unrs/resolver-binding-openharmony-arm64
33 silly ADD node_modules/@unrs/resolver-binding-linux-x64-musl
34 silly ADD node_modules/@unrs/resolver-binding-linux-x64-gnu
35 silly ADD node_modules/@unrs/resolver-binding-linux-s390x-gnu
36 silly ADD node_modules/@unrs/resolver-binding-linux-riscv64-musl
37 silly ADD node_modules/@unrs/resolver-binding-linux-riscv64-gnu
38 silly ADD node_modules/@unrs/resolver-binding-linux-ppc64-gnu
39 silly ADD node_modules/@unrs/resolver-binding-linux-loong64-musl
40 silly ADD node_modules/@unrs/resolver-binding-linux-loong64-gnu
41 silly ADD node_modules/@unrs/resolver-binding-linux-arm64-musl
42 silly ADD node_modules/@unrs/resolver-binding-linux-arm64-gnu
43 silly ADD node_modules/@unrs/resolver-binding-linux-arm-musleabihf
44 silly ADD node_modules/@unrs/resolver-binding-linux-arm-gnueabihf
45 silly ADD node_modules/@unrs/resolver-binding-freebsd-x64
46 silly ADD node_modules/@unrs/resolver-binding-darwin-x64
47 silly ADD node_modules/@unrs/resolver-binding-darwin-arm64
48 silly ADD node_modules/@unrs/resolver-binding-android-arm64
49 silly ADD node_modules/@unrs/resolver-binding-android-arm-eabi
50 silly ADD node_modules/@rolldown/binding-win32-arm64-msvc
51 silly ADD node_modules/@rolldown/binding-wasm32-wasi
52 silly ADD node_modules/@rolldown/binding-wasm32-wasi/node_modules/@emnapi/wasi-threads
53 silly ADD node_modules/@rolldown/binding-wasm32-wasi/node_modules/@emnapi/runtime
54 silly ADD node_modules/@rolldown/binding-wasm32-wasi/node_modules/@emnapi/core
55 silly ADD node_modules/@rolldown/binding-openharmony-arm64
56 silly ADD node_modules/@rolldown/binding-linux-x64-musl
57 silly ADD node_modules/@rolldown/binding-linux-x64-gnu
58 silly ADD node_modules/@rolldown/binding-linux-s390x-gnu
59 silly ADD node_modules/@rolldown/binding-linux-ppc64-gnu
60 silly ADD node_modules/@rolldown/binding-linux-arm64-musl
61 silly ADD node_modules/@rolldown/binding-linux-arm64-gnu
62 silly ADD node_modules/@rolldown/binding-linux-arm-gnueabihf
63 silly ADD node_modules/@rolldown/binding-freebsd-x64
64 silly ADD node_modules/@rolldown/binding-darwin-x64
65 silly ADD node_modules/@rolldown/binding-darwin-arm64
66 silly ADD node_modules/@rolldown/binding-android-arm64
67 silly ADD node_modules/@next/swc-win32-arm64-msvc
68 silly ADD node_modules/@next/swc-linux-x64-musl
69 silly ADD node_modules/@next/swc-linux-x64-gnu
70 silly ADD node_modules/@next/swc-linux-arm64-musl
71 silly ADD node_modules/@next/swc-linux-arm64-gnu
72 silly ADD node_modules/@next/swc-darwin-x64
73 silly ADD node_modules/@next/swc-darwin-arm64
74 silly ADD node_modules/@img/sharp-win32-ia32
75 silly ADD node_modules/@img/sharp-win32-arm64
76 silly ADD node_modules/@img/sharp-wasm32
77 silly ADD node_modules/@img/sharp-linuxmusl-x64
78 silly ADD node_modules/@img/sharp-linuxmusl-arm64
79 silly ADD node_modules/@img/sharp-linux-x64
80 silly ADD node_modules/@img/sharp-linux-s390x
81 silly ADD node_modules/@img/sharp-linux-riscv64
82 silly ADD node_modules/@img/sharp-linux-ppc64
83 silly ADD node_modules/@img/sharp-linux-arm64
84 silly ADD node_modules/@img/sharp-linux-arm
85 silly ADD node_modules/@img/sharp-libvips-linuxmusl-x64
86 silly ADD node_modules/@img/sharp-libvips-linuxmusl-arm64
87 silly ADD node_modules/@img/sharp-libvips-linux-x64
88 silly ADD node_modules/@img/sharp-libvips-linux-s390x
89 silly ADD node_modules/@img/sharp-libvips-linux-riscv64
90 silly ADD node_modules/@img/sharp-libvips-linux-ppc64
91 silly ADD node_modules/@img/sharp-libvips-linux-arm64
92 silly ADD node_modules/@img/sharp-libvips-linux-arm
93 silly ADD node_modules/@img/sharp-libvips-darwin-x64
94 silly ADD node_modules/@img/sharp-libvips-darwin-arm64
95 silly ADD node_modules/@img/sharp-darwin-x64
96 silly ADD node_modules/@img/sharp-darwin-arm64
97 silly ADD node_modules/@emnapi/runtime
98 silly ADD node_modules/@emnapi/core
99 silly ADD node_modules/playwright/node_modules/fsevents
100 verbose cwd C:\Users\Kendagannaswamy\Desktop\MY_Project_KGS\frontend
101 verbose os Windows_NT 10.0.26200
102 verbose node v24.12.0
103 verbose npm  v10.9.8
104 verbose exit 0
105 info ok
