0 verbose cli C:\Program Files\nodejs\node.exe C:\Program Files\nodejs\node_modules\npm\bin\npm-cli.js
1 info using npm@11.6.2
2 info using node@v24.12.0
3 silly config load:file:C:\Program Files\nodejs\node_modules\npm\npmrc
4 silly config load:file:C:\Users\Kendagannaswamy\Desktop\MY_Project_KGS\frontend\.npmrc
5 silly config load:file:C:\Users\Kendagannaswamy\.npmrc
6 silly config load:file:C:\Users\Kendagannaswamy\AppData\Roaming\npm\etc\npmrc
7 verbose title npm install @emnapi/runtime@1.11.1 @emnapi/core@1.11.1
8 verbose argv "install" "--save-dev" "@emnapi/runtime@1.11.1" "@emnapi/core@1.11.1" "--package-lock-only" "--no-audit" "--no-fund" "--cache" ".\\.npm-cache-check"
9 verbose logfile logs-max:10 dir:C:\Users\Kendagannaswamy\Desktop\MY_Project_KGS\frontend\.npm-cache-check\_logs\2026-06-26T16_49_24_387Z-
10 verbose logfile C:\Users\Kendagannaswamy\Desktop\MY_Project_KGS\frontend\.npm-cache-check\_logs\2026-06-26T16_49_24_387Z-debug-0.log
11 silly logfile done cleaning log files
12 silly packumentCache heap:2348810240 maxSize:587202560 maxEntrySize:293601280
13 silly idealTree buildDeps
14 silly fetch manifest @emnapi/runtime@1.11.1
15 silly packumentCache full:https://registry.npmjs.org/@emnapi%2fruntime cache-miss
16 http fetch GET 200 https://registry.npmjs.org/@emnapi%2fruntime 388ms (cache miss)
17 silly packumentCache full:https://registry.npmjs.org/@emnapi%2fruntime set size:undefined disposed:false
18 silly fetch manifest @emnapi/core@1.11.1
19 silly packumentCache full:https://registry.npmjs.org/@emnapi%2fcore cache-miss
20 http fetch GET 200 https://registry.npmjs.org/@emnapi%2fcore 118ms (cache miss)
21 silly packumentCache full:https://registry.npmjs.org/@emnapi%2fcore set size:undefined disposed:false
22 silly placeDep ROOT @emnapi/core@1.11.1 OK for: nati-nest-frontend@0.1.0 want: 1.11.1
23 silly placeDep ROOT @emnapi/runtime@1.11.1 OK for: nati-nest-frontend@0.1.0 want: 1.11.1
24 verbose cwd C:\Users\Kendagannaswamy\Desktop\MY_Project_KGS\frontend
25 verbose os Windows_NT 10.0.26200
26 verbose node v24.12.0
27 verbose npm  v11.6.2
28 verbose exit 0
29 info ok
