[2026-06-25 11:04:19] [INFO] ----------------------------------------
[2026-06-25 11:04:19] [INFO] Backup process started
[2026-06-25 11:04:19] [ERROR] BACKUP FAILED: pg_dump is not installed or not in the system PATH. Please install PostgreSQL tools.
[2026-06-25 11:04:19] [INFO] ----------------------------------------
[2026-06-25 11:50:19] [INFO] ----------------------------------------
[2026-06-25 11:50:19] [INFO] Backup process started
[2026-06-25 11:50:19] [ERROR] BACKUP FAILED: pg_dump is not installed or not in the system PATH. Please install PostgreSQL tools.
[2026-06-25 11:50:19] [INFO] ----------------------------------------
[2026-06-25 11:53:53] [INFO] ----------------------------------------
[2026-06-25 11:53:53] [INFO] Backup process started
[2026-06-25 11:53:53] [INFO] Starting pg_dump...
[2026-06-25 11:53:55] [ERROR] BACKUP FAILED: pg_dump failed with exit code 1. Ensure your database is accessible and pg_dump version matches.
[2026-06-25 11:53:55] [INFO] ----------------------------------------
[2026-06-25 12:01:58] [INFO] ----------------------------------------
[2026-06-25 12:01:59] [INFO] Backup process started
[2026-06-25 12:01:59] [INFO] Original Database URL: postgresql://neondb_owner:****@ep-odd-wildflower-aozj2tkf.c-2.ap-southeast-1.aws.neon.tech/neondb?sslmode=require&connection_limit=3
[2026-06-25 12:01:59] [INFO] Sanitized Database URL: postgresql://neondb_owner:****@ep-odd-wildflower-aozj2tkf.c-2.ap-southeast-1.aws.neon.tech/neondb?sslmode=require
[2026-06-25 12:01:59] [INFO] Starting pg_dump...
[2026-06-25 12:02:03] [ERROR] BACKUP FAILED: pg_dump failed with exit code 1. Ensure your database is accessible and pg_dump version matches.
[2026-06-25 12:02:03] [INFO] ----------------------------------------
[2026-06-25 17:02:24] [INFO] ----------------------------------------
[2026-06-25 17:02:24] [INFO] Backup process started
[2026-06-25 17:02:24] [INFO] Original Database URL: postgresql://neondb_owner:****@ep-odd-wildflower-aozj2tkf.c-2.ap-southeast-1.aws.neon.tech/neondb?sslmode=require&connection_limit=3
[2026-06-25 17:02:24] [INFO] Sanitized Database URL: postgresql://neondb_owner:****@ep-odd-wildflower-aozj2tkf.c-2.ap-southeast-1.aws.neon.tech/neondb?sslmode=require
[2026-06-25 17:02:24] [INFO] Checking version compatibility...
[2026-06-25 17:02:26] [INFO] Installed pg_dump version: 18.x
[2026-06-25 17:02:26] [INFO] PostgreSQL server version: 18.x
[2026-06-25 17:02:26] [INFO] Starting pg_dump...
[2026-06-25 17:02:37] [INFO] Backup completed successfully: backup-2026-06-25-17-02.backup (Size: 79.67 KB)
[2026-06-25 17:02:37] [INFO] Enforcing retention policy: Keeping backups for last 14 days...
[2026-06-25 17:02:37] [INFO] Retention cleanup finished. Deleted 0 old backup(s).
[2026-06-25 17:02:37] [INFO] Backup process finished successfully.
[2026-06-25 17:02:37] [INFO] ----------------------------------------
